<?xml version="1.0" encoding="UTF-8"?>
<testng-results skipped="0" failed="0" total="1" passed="1">
  <reporter-output>
  </reporter-output>
  <suite name="Surefire suite" duration-ms="11458" started-at="2019-05-02T06:47:10Z" finished-at="2019-05-02T06:47:22Z">
    <groups>
      <group name="cucumber">
        <method signature="AbstractTestNGCucumberTests.feature(cucumber.api.testng.CucumberFeatureWrapper)[pri:0, instance:runners.TestRunners@6a2bcfcb]" name="feature" class="cucumber.api.testng.AbstractTestNGCucumberTests"/>
      </group> <!-- cucumber -->
    </groups>
    <test name="Surefire test" duration-ms="11458" started-at="2019-05-02T06:47:10Z" finished-at="2019-05-02T06:47:22Z">
      <class name="runners.TestRunners">
        <test-method status="PASS" signature="setUpClass()[pri:0, instance:runners.TestRunners@6a2bcfcb]" name="setUpClass" is-config="true" duration-ms="219" started-at="2019-05-02T12:17:10Z" finished-at="2019-05-02T12:17:11Z">
          <reporter-output>
          </reporter-output>
        </test-method> <!-- setUpClass -->
        <test-method status="PASS" signature="feature(cucumber.api.testng.CucumberFeatureWrapper)[pri:0, instance:runners.TestRunners@6a2bcfcb]" name="feature" duration-ms="11187" started-at="2019-05-02T12:17:11Z" description="Runs Cucumber Feature" data-provider="features" finished-at="2019-05-02T12:17:22Z">
          <params>
            <param index="0">
              <value>
                <![CDATA[AdrenalinHomePage]]>
              </value>
            </param>
          </params>
          <reporter-output>
          </reporter-output>
        </test-method> <!-- feature -->
        <test-method status="PASS" signature="tearDownClass()[pri:0, instance:runners.TestRunners@6a2bcfcb]" name="tearDownClass" is-config="true" duration-ms="4" started-at="2019-05-02T12:17:22Z" finished-at="2019-05-02T12:17:22Z">
          <reporter-output>
          </reporter-output>
        </test-method> <!-- tearDownClass -->
      </class> <!-- runners.TestRunners -->
    </test> <!-- Surefire test -->
  </suite> <!-- Surefire suite -->
</testng-results>
